<?xml version="1.0" encoding="UTF-8"?>
<testng-results skipped="0" failed="1" ignored="0" total="7" passed="6">
  <reporter-output>
  </reporter-output>
  <suite name="ShareKhan Application Test Automation Test Suite" duration-ms="92533" started-at="2018-08-29T08:26:14Z" finished-at="2018-08-29T08:27:47Z">
    <groups>
    </groups>
    <test name="ShareKhan App Test cases" duration-ms="68405" started-at="2018-08-29T08:26:14Z" finished-at="2018-08-29T08:27:22Z">
      <class name="com.sk.testScripts.TC_001_LaunchingPageTest">
        <test-method status="PASS" signature="setUp()[pri:0, instance:com.sk.testScripts.TC_001_LaunchingPageTest@1c79255]" name="setUp" is-config="true" duration-ms="9299" started-at="2018-08-29T08:26:14Z" finished-at="2018-08-29T08:26:23Z">
          <reporter-output>
          </reporter-output>
        </test-method> <!-- setUp -->
        <test-method status="PASS" signature="launchingPageTitleTest()[pri:1, instance:com.sk.testScripts.TC_001_LaunchingPageTest@1c79255]" name="launchingPageTitleTest" duration-ms="14" started-at="2018-08-29T08:26:23Z" finished-at="2018-08-29T08:26:23Z">
          <reporter-output>
          </reporter-output>
        </test-method> <!-- launchingPageTitleTest -->
        <test-method status="PASS" signature="tearDown()[pri:0, instance:com.sk.testScripts.TC_001_LaunchingPageTest@1c79255]" name="tearDown" is-config="true" duration-ms="609" started-at="2018-08-29T08:26:23Z" finished-at="2018-08-29T08:26:24Z">
          <reporter-output>
          </reporter-output>
        </test-method> <!-- tearDown -->
        <test-method status="PASS" signature="setUp()[pri:0, instance:com.sk.testScripts.TC_001_LaunchingPageTest@1c79255]" name="setUp" is-config="true" duration-ms="9914" started-at="2018-08-29T08:26:24Z" finished-at="2018-08-29T08:26:34Z">
          <reporter-output>
          </reporter-output>
        </test-method> <!-- setUp -->
        <test-method status="PASS" signature="validateVisitHomePageButtonTest()[pri:2, instance:com.sk.testScripts.TC_001_LaunchingPageTest@1c79255]" name="validateVisitHomePageButtonTest" duration-ms="67" started-at="2018-08-29T08:26:34Z" finished-at="2018-08-29T08:26:34Z">
          <reporter-output>
          </reporter-output>
        </test-method> <!-- validateVisitHomePageButtonTest -->
        <test-method status="PASS" signature="tearDown()[pri:0, instance:com.sk.testScripts.TC_001_LaunchingPageTest@1c79255]" name="tearDown" is-config="true" duration-ms="661" started-at="2018-08-29T08:26:34Z" finished-at="2018-08-29T08:26:35Z">
          <reporter-output>
          </reporter-output>
        </test-method> <!-- tearDown -->
        <test-method status="PASS" signature="setUp()[pri:0, instance:com.sk.testScripts.TC_001_LaunchingPageTest@1c79255]" name="setUp" is-config="true" duration-ms="7554" started-at="2018-08-29T08:26:35Z" finished-at="2018-08-29T08:26:42Z">
          <reporter-output>
          </reporter-output>
        </test-method> <!-- setUp -->
        <test-method status="PASS" signature="validateTradeNowButtonTest()[pri:3, instance:com.sk.testScripts.TC_001_LaunchingPageTest@1c79255]" name="validateTradeNowButtonTest" duration-ms="86" started-at="2018-08-29T08:26:42Z" finished-at="2018-08-29T08:26:42Z">
          <reporter-output>
          </reporter-output>
        </test-method> <!-- validateTradeNowButtonTest -->
        <test-method status="PASS" signature="tearDown()[pri:0, instance:com.sk.testScripts.TC_001_LaunchingPageTest@1c79255]" name="tearDown" is-config="true" duration-ms="648" started-at="2018-08-29T08:26:42Z" finished-at="2018-08-29T08:26:43Z">
          <reporter-output>
          </reporter-output>
        </test-method> <!-- tearDown -->
        <test-method status="PASS" signature="setUp()[pri:0, instance:com.sk.testScripts.TC_001_LaunchingPageTest@1c79255]" name="setUp" is-config="true" duration-ms="6219" started-at="2018-08-29T08:26:43Z" finished-at="2018-08-29T08:26:49Z">
          <reporter-output>
          </reporter-output>
        </test-method> <!-- setUp -->
        <test-method status="PASS" signature="validateOpenAnAccountButtonTest()[pri:4, instance:com.sk.testScripts.TC_001_LaunchingPageTest@1c79255]" name="validateOpenAnAccountButtonTest" duration-ms="42" started-at="2018-08-29T08:26:49Z" finished-at="2018-08-29T08:26:49Z">
          <reporter-output>
          </reporter-output>
        </test-method> <!-- validateOpenAnAccountButtonTest -->
        <test-method status="PASS" signature="tearDown()[pri:0, instance:com.sk.testScripts.TC_001_LaunchingPageTest@1c79255]" name="tearDown" is-config="true" duration-ms="619" started-at="2018-08-29T08:26:49Z" finished-at="2018-08-29T08:26:50Z">
          <reporter-output>
          </reporter-output>
        </test-method> <!-- tearDown -->
        <test-method status="PASS" signature="setUp()[pri:0, instance:com.sk.testScripts.TC_001_LaunchingPageTest@1c79255]" name="setUp" is-config="true" duration-ms="20899" started-at="2018-08-29T08:26:50Z" finished-at="2018-08-29T08:27:11Z">
          <reporter-output>
          </reporter-output>
        </test-method> <!-- setUp -->
        <test-method status="PASS" signature="validateNeedHelpButtonTest()[pri:5, instance:com.sk.testScripts.TC_001_LaunchingPageTest@1c79255]" name="validateNeedHelpButtonTest" duration-ms="69" started-at="2018-08-29T08:27:11Z" finished-at="2018-08-29T08:27:11Z">
          <reporter-output>
          </reporter-output>
        </test-method> <!-- validateNeedHelpButtonTest -->
        <test-method status="PASS" signature="tearDown()[pri:0, instance:com.sk.testScripts.TC_001_LaunchingPageTest@1c79255]" name="tearDown" is-config="true" duration-ms="626" started-at="2018-08-29T08:27:11Z" finished-at="2018-08-29T08:27:11Z">
          <reporter-output>
          </reporter-output>
        </test-method> <!-- tearDown -->
        <test-method status="PASS" signature="setUp()[pri:0, instance:com.sk.testScripts.TC_001_LaunchingPageTest@1c79255]" name="setUp" is-config="true" duration-ms="10283" started-at="2018-08-29T08:27:11Z" finished-at="2018-08-29T08:27:22Z">
          <reporter-output>
          </reporter-output>
        </test-method> <!-- setUp -->
        <test-method status="PASS" signature="validateTigersGalleryButtonTest()[pri:6, instance:com.sk.testScripts.TC_001_LaunchingPageTest@1c79255]" name="validateTigersGalleryButtonTest" duration-ms="112" started-at="2018-08-29T08:27:22Z" finished-at="2018-08-29T08:27:22Z">
          <reporter-output>
          </reporter-output>
        </test-method> <!-- validateTigersGalleryButtonTest -->
        <test-method status="PASS" signature="tearDown()[pri:0, instance:com.sk.testScripts.TC_001_LaunchingPageTest@1c79255]" name="tearDown" is-config="true" duration-ms="641" started-at="2018-08-29T08:27:22Z" finished-at="2018-08-29T08:27:22Z">
          <reporter-output>
          </reporter-output>
        </test-method> <!-- tearDown -->
      </class> <!-- com.sk.testScripts.TC_001_LaunchingPageTest -->
    </test> <!-- ShareKhan App Test cases -->
    <test name="Tc_0002" duration-ms="24080" started-at="2018-08-29T08:27:23Z" finished-at="2018-08-29T08:27:47Z">
      <class name="com.sk.testScripts.TC_002_HomePageTest">
        <test-method status="PASS" signature="setUp()[pri:0, instance:com.sk.testScripts.TC_002_HomePageTest@1660f4e]" name="setUp" is-config="true" duration-ms="23302" started-at="2018-08-29T08:27:23Z" finished-at="2018-08-29T08:27:46Z">
          <reporter-output>
          </reporter-output>
        </test-method> <!-- setUp -->
        <test-method status="FAIL" signature="verifyShareKhanLogoTest()[pri:0, instance:com.sk.testScripts.TC_002_HomePageTest@1660f4e]" name="verifyShareKhanLogoTest" duration-ms="101" started-at="2018-08-29T08:27:46Z" finished-at="2018-08-29T08:27:46Z">
          <exception class="org.openqa.selenium.ElementNotVisibleException">
            <message>
              <![CDATA[element not visible
  (Session info: chrome=68.0.3440.106)
  (Driver info: chromedriver=2.36.540470 (e522d04694c7ebea4ba8821272dbef4f9b818c91),platform=Windows NT 6.1.7600 x86) (WARNING: The server did not provide any stacktrace information)
Command duration or timeout: 0 milliseconds
Build info: version: '3.13.0', revision: '2f0d292', time: '2018-06-25T15:24:21.231Z'
System info: host: 'HP-PC', ip: '192.168.181.1', os.name: 'Windows 7', os.arch: 'x86', os.version: '6.1', java.version: '1.8.0_144'
Driver info: org.openqa.selenium.chrome.ChromeDriver
Capabilities {acceptInsecureCerts: false, acceptSslCerts: false, applicationCacheEnabled: false, browserConnectionEnabled: false, browserName: chrome, chrome: {chromedriverVersion: 2.36.540470 (e522d04694c7eb..., userDataDir: C:\Users\hp\AppData\Local\T...}, cssSelectorsEnabled: true, databaseEnabled: false, handlesAlerts: true, hasTouchScreen: false, javascriptEnabled: true, locationContextEnabled: true, mobileEmulationEnabled: false, nativeEvents: true, networkConnectionEnabled: false, pageLoadStrategy: normal, platform: XP, platformName: XP, rotatable: false, setWindowRect: true, takesHeapSnapshot: true, takesScreenshot: true, unexpectedAlertBehaviour: , unhandledPromptBehavior: , version: 68.0.3440.106, webStorageEnabled: true}
Session ID: 2eb80500ea316a7d1d52f5b85eb5f9bc]]>
            </message>
            <full-stacktrace>
              <![CDATA[org.openqa.selenium.ElementNotVisibleException: element not visible
  (Session info: chrome=68.0.3440.106)
  (Driver info: chromedriver=2.36.540470 (e522d04694c7ebea4ba8821272dbef4f9b818c91),platform=Windows NT 6.1.7600 x86) (WARNING: The server did not provide any stacktrace information)
Command duration or timeout: 0 milliseconds
Build info: version: '3.13.0', revision: '2f0d292', time: '2018-06-25T15:24:21.231Z'
System info: host: 'HP-PC', ip: '192.168.181.1', os.name: 'Windows 7', os.arch: 'x86', os.version: '6.1', java.version: '1.8.0_144'
Driver info: org.openqa.selenium.chrome.ChromeDriver
Capabilities {acceptInsecureCerts: false, acceptSslCerts: false, applicationCacheEnabled: false, browserConnectionEnabled: false, browserName: chrome, chrome: {chromedriverVersion: 2.36.540470 (e522d04694c7eb..., userDataDir: C:\Users\hp\AppData\Local\T...}, cssSelectorsEnabled: true, databaseEnabled: false, handlesAlerts: true, hasTouchScreen: false, javascriptEnabled: true, locationContextEnabled: true, mobileEmulationEnabled: false, nativeEvents: true, networkConnectionEnabled: false, pageLoadStrategy: normal, platform: XP, platformName: XP, rotatable: false, setWindowRect: true, takesHeapSnapshot: true, takesScreenshot: true, unexpectedAlertBehaviour: , unhandledPromptBehavior: , version: 68.0.3440.106, webStorageEnabled: true}
Session ID: 2eb80500ea316a7d1d52f5b85eb5f9bc
at sun.reflect.NativeConstructorAccessorImpl.newInstance0(Native Method)
at sun.reflect.NativeConstructorAccessorImpl.newInstance(Unknown Source)
at sun.reflect.DelegatingConstructorAccessorImpl.newInstance(Unknown Source)
at java.lang.reflect.Constructor.newInstance(Unknown Source)
at org.openqa.selenium.remote.ErrorHandler.createThrowable(ErrorHandler.java:214)
at org.openqa.selenium.remote.ErrorHandler.throwIfResponseFailed(ErrorHandler.java:166)
at org.openqa.selenium.remote.http.JsonHttpResponseCodec.reconstructValue(JsonHttpResponseCodec.java:40)
at org.openqa.selenium.remote.http.AbstractHttpResponseCodec.decode(AbstractHttpResponseCodec.java:80)
at org.openqa.selenium.remote.http.AbstractHttpResponseCodec.decode(AbstractHttpResponseCodec.java:44)
at org.openqa.selenium.remote.HttpCommandExecutor.execute(HttpCommandExecutor.java:158)
at org.openqa.selenium.remote.service.DriverCommandExecutor.execute(DriverCommandExecutor.java:83)
at org.openqa.selenium.remote.RemoteWebDriver.execute(RemoteWebDriver.java:548)
at org.openqa.selenium.remote.RemoteWebElement.execute(RemoteWebElement.java:276)
at org.openqa.selenium.remote.RemoteWebElement.click(RemoteWebElement.java:83)
at com.sk.testScripts.TC_002_HomePageTest.verifyShareKhanLogoTest(TC_002_HomePageTest.java:34)
at sun.reflect.NativeMethodAccessorImpl.invoke0(Native Method)
at sun.reflect.NativeMethodAccessorImpl.invoke(Unknown Source)
at sun.reflect.DelegatingMethodAccessorImpl.invoke(Unknown Source)
at java.lang.reflect.Method.invoke(Unknown Source)
at org.testng.internal.MethodInvocationHelper.invokeMethod(MethodInvocationHelper.java:124)
at org.testng.internal.Invoker.invokeMethod(Invoker.java:583)
at org.testng.internal.Invoker.invokeTestMethod(Invoker.java:719)
at org.testng.internal.Invoker.invokeTestMethods(Invoker.java:989)
at org.testng.internal.TestMethodWorker.invokeTestMethods(TestMethodWorker.java:125)
at org.testng.internal.TestMethodWorker.run(TestMethodWorker.java:109)
at org.testng.TestRunner.privateRun(TestRunner.java:648)
at org.testng.TestRunner.run(TestRunner.java:505)
at org.testng.SuiteRunner.runTest(SuiteRunner.java:455)
at org.testng.SuiteRunner.runSequentially(SuiteRunner.java:450)
at org.testng.SuiteRunner.privateRun(SuiteRunner.java:415)
at org.testng.SuiteRunner.run(SuiteRunner.java:364)
at org.testng.SuiteRunnerWorker.runSuite(SuiteRunnerWorker.java:52)
at org.testng.SuiteRunnerWorker.run(SuiteRunnerWorker.java:84)
at org.testng.TestNG.runSuitesSequentially(TestNG.java:1208)
at org.testng.TestNG.runSuitesLocally(TestNG.java:1137)
at org.testng.TestNG.runSuites(TestNG.java:1049)
at org.testng.TestNG.run(TestNG.java:1017)
at org.testng.remote.AbstractRemoteTestNG.run(AbstractRemoteTestNG.java:114)
at org.testng.remote.RemoteTestNG.initAndRun(RemoteTestNG.java:251)
at org.testng.remote.RemoteTestNG.main(RemoteTestNG.java:77)
]]>
            </full-stacktrace>
          </exception> <!-- org.openqa.selenium.ElementNotVisibleException -->
          <reporter-output>
          </reporter-output>
        </test-method> <!-- verifyShareKhanLogoTest -->
        <test-method status="PASS" signature="tearDown()[pri:0, instance:com.sk.testScripts.TC_002_HomePageTest@1660f4e]" name="tearDown" is-config="true" duration-ms="672" started-at="2018-08-29T08:27:46Z" finished-at="2018-08-29T08:27:47Z">
          <reporter-output>
          </reporter-output>
        </test-method> <!-- tearDown -->
      </class> <!-- com.sk.testScripts.TC_002_HomePageTest -->
    </test> <!-- Tc_0002 -->
  </suite> <!-- ShareKhan Application Test Automation Test Suite -->
</testng-results>
