<?xml version="1.0" encoding="UTF-8"?>
<testng-results skipped="0" failed="0" ignored="0" total="6" passed="6">
  <reporter-output>
  </reporter-output>
  <suite name="Default suite" duration-ms="49810" started-at="2018-08-27T08:55:14Z" finished-at="2018-08-27T08:56:03Z">
    <groups>
    </groups>
    <test name="Default test" duration-ms="49810" started-at="2018-08-27T08:55:14Z" finished-at="2018-08-27T08:56:03Z">
      <class name="com.sk.testScripts.TC_001_LaunchingPageTest">
        <test-method status="PASS" signature="setUp()[pri:0, instance:com.sk.testScripts.TC_001_LaunchingPageTest@13b32d7]" name="setUp" is-config="true" duration-ms="11024" started-at="2018-08-27T08:55:14Z" finished-at="2018-08-27T08:55:25Z">
          <reporter-output>
          </reporter-output>
        </test-method> <!-- setUp -->
        <test-method status="PASS" signature="launchingPageTitleTest()[pri:1, instance:com.sk.testScripts.TC_001_LaunchingPageTest@13b32d7]" name="launchingPageTitleTest" duration-ms="21" started-at="2018-08-27T08:55:25Z" finished-at="2018-08-27T08:55:25Z">
          <reporter-output>
          </reporter-output>
        </test-method> <!-- launchingPageTitleTest -->
        <test-method status="PASS" signature="tearDown()[pri:0, instance:com.sk.testScripts.TC_001_LaunchingPageTest@13b32d7]" name="tearDown" is-config="true" duration-ms="672" started-at="2018-08-27T08:55:25Z" finished-at="2018-08-27T08:55:25Z">
          <reporter-output>
          </reporter-output>
        </test-method> <!-- tearDown -->
        <test-method status="PASS" signature="setUp()[pri:0, instance:com.sk.testScripts.TC_001_LaunchingPageTest@13b32d7]" name="setUp" is-config="true" duration-ms="6537" started-at="2018-08-27T08:55:25Z" finished-at="2018-08-27T08:55:32Z">
          <reporter-output>
          </reporter-output>
        </test-method> <!-- setUp -->
        <test-method status="PASS" signature="validateVisitHomePageButtonTest()[pri:2, instance:com.sk.testScripts.TC_001_LaunchingPageTest@13b32d7]" name="validateVisitHomePageButtonTest" duration-ms="415" started-at="2018-08-27T08:55:32Z" finished-at="2018-08-27T08:55:32Z">
          <reporter-output>
          </reporter-output>
        </test-method> <!-- validateVisitHomePageButtonTest -->
        <test-method status="PASS" signature="tearDown()[pri:0, instance:com.sk.testScripts.TC_001_LaunchingPageTest@13b32d7]" name="tearDown" is-config="true" duration-ms="715" started-at="2018-08-27T08:55:32Z" finished-at="2018-08-27T08:55:33Z">
          <reporter-output>
          </reporter-output>
        </test-method> <!-- tearDown -->
        <test-method status="PASS" signature="setUp()[pri:0, instance:com.sk.testScripts.TC_001_LaunchingPageTest@13b32d7]" name="setUp" is-config="true" duration-ms="7116" started-at="2018-08-27T08:55:33Z" finished-at="2018-08-27T08:55:40Z">
          <reporter-output>
          </reporter-output>
        </test-method> <!-- setUp -->
        <test-method status="PASS" signature="validateTradeNowButtonTest()[pri:3, instance:com.sk.testScripts.TC_001_LaunchingPageTest@13b32d7]" name="validateTradeNowButtonTest" duration-ms="42" started-at="2018-08-27T08:55:40Z" finished-at="2018-08-27T08:55:40Z">
          <reporter-output>
          </reporter-output>
        </test-method> <!-- validateTradeNowButtonTest -->
        <test-method status="PASS" signature="tearDown()[pri:0, instance:com.sk.testScripts.TC_001_LaunchingPageTest@13b32d7]" name="tearDown" is-config="true" duration-ms="630" started-at="2018-08-27T08:55:40Z" finished-at="2018-08-27T08:55:41Z">
          <reporter-output>
          </reporter-output>
        </test-method> <!-- tearDown -->
        <test-method status="PASS" signature="setUp()[pri:0, instance:com.sk.testScripts.TC_001_LaunchingPageTest@13b32d7]" name="setUp" is-config="true" duration-ms="6021" started-at="2018-08-27T08:55:41Z" finished-at="2018-08-27T08:55:47Z">
          <reporter-output>
          </reporter-output>
        </test-method> <!-- setUp -->
        <test-method status="PASS" signature="validateOpenAnAccountButtonTest()[pri:4, instance:com.sk.testScripts.TC_001_LaunchingPageTest@13b32d7]" name="validateOpenAnAccountButtonTest" duration-ms="40" started-at="2018-08-27T08:55:47Z" finished-at="2018-08-27T08:55:47Z">
          <reporter-output>
          </reporter-output>
        </test-method> <!-- validateOpenAnAccountButtonTest -->
        <test-method status="PASS" signature="tearDown()[pri:0, instance:com.sk.testScripts.TC_001_LaunchingPageTest@13b32d7]" name="tearDown" is-config="true" duration-ms="826" started-at="2018-08-27T08:55:47Z" finished-at="2018-08-27T08:55:48Z">
          <reporter-output>
          </reporter-output>
        </test-method> <!-- tearDown -->
        <test-method status="PASS" signature="setUp()[pri:0, instance:com.sk.testScripts.TC_001_LaunchingPageTest@13b32d7]" name="setUp" is-config="true" duration-ms="6749" started-at="2018-08-27T08:55:48Z" finished-at="2018-08-27T08:55:55Z">
          <reporter-output>
          </reporter-output>
        </test-method> <!-- setUp -->
        <test-method status="PASS" signature="validateNeedHelpButtonTest()[pri:5, instance:com.sk.testScripts.TC_001_LaunchingPageTest@13b32d7]" name="validateNeedHelpButtonTest" duration-ms="45" started-at="2018-08-27T08:55:55Z" finished-at="2018-08-27T08:55:55Z">
          <reporter-output>
          </reporter-output>
        </test-method> <!-- validateNeedHelpButtonTest -->
        <test-method status="PASS" signature="tearDown()[pri:0, instance:com.sk.testScripts.TC_001_LaunchingPageTest@13b32d7]" name="tearDown" is-config="true" duration-ms="631" started-at="2018-08-27T08:55:55Z" finished-at="2018-08-27T08:55:55Z">
          <reporter-output>
          </reporter-output>
        </test-method> <!-- tearDown -->
        <test-method status="PASS" signature="setUp()[pri:0, instance:com.sk.testScripts.TC_001_LaunchingPageTest@13b32d7]" name="setUp" is-config="true" duration-ms="7599" started-at="2018-08-27T08:55:55Z" finished-at="2018-08-27T08:56:03Z">
          <reporter-output>
          </reporter-output>
        </test-method> <!-- setUp -->
        <test-method status="PASS" signature="validateTigersGalleryButtonTest()[pri:6, instance:com.sk.testScripts.TC_001_LaunchingPageTest@13b32d7]" name="validateTigersGalleryButtonTest" duration-ms="51" started-at="2018-08-27T08:56:03Z" finished-at="2018-08-27T08:56:03Z">
          <reporter-output>
          </reporter-output>
        </test-method> <!-- validateTigersGalleryButtonTest -->
        <test-method status="PASS" signature="tearDown()[pri:0, instance:com.sk.testScripts.TC_001_LaunchingPageTest@13b32d7]" name="tearDown" is-config="true" duration-ms="631" started-at="2018-08-27T08:56:03Z" finished-at="2018-08-27T08:56:03Z">
          <reporter-output>
          </reporter-output>
        </test-method> <!-- tearDown -->
      </class> <!-- com.sk.testScripts.TC_001_LaunchingPageTest -->
    </test> <!-- Default test -->
  </suite> <!-- Default suite -->
</testng-results>
