<?xml version="1.0" encoding="UTF-8"?>
<!-- Generated by org.testng.reporters.JUnitXMLReporter -->
<testsuite hostname="hp-PC" ignored="0" name="Default test" tests="6" failures="0" timestamp="04 Sep 2018 06:32:29 GMT" time="20.233" errors="0">
  <testcase name="launchingPageTitleTest" time="0.059" classname="com.sk.testScripts.TC_001_LaunchingPageTest"/>
  <testcase name="validateVisitHomePageButtonTest" time="0.061" classname="com.sk.testScripts.TC_001_LaunchingPageTest"/>
  <testcase name="validateTradeNowButtonTest" time="0.062" classname="com.sk.testScripts.TC_001_LaunchingPageTest"/>
  <testcase name="validateOpenAnAccountButtonTest" time="0.048" classname="com.sk.testScripts.TC_001_LaunchingPageTest"/>
  <testcase name="validateNeedHelpButtonTest" time="0.036" classname="com.sk.testScripts.TC_001_LaunchingPageTest"/>
  <testcase name="validateTigersGalleryButtonTest" time="0.036" classname="com.sk.testScripts.TC_001_LaunchingPageTest"/>
</testsuite> <!-- Default test -->
