<?xml version="1.0" encoding="UTF-8"?>
<!-- Generated by org.testng.reporters.JUnitXMLReporter -->
<testsuite hostname="hp-PC" ignored="0" name="Default test" tests="6" failures="0" timestamp="27 Aug 2018 08:56:04 GMT" time="49.81" errors="0">
  <testcase name="launchingPageTitleTest" time="0.021" classname="com.sk.testScripts.TC_001_LaunchingPageTest"/>
  <testcase name="validateVisitHomePageButtonTest" time="0.415" classname="com.sk.testScripts.TC_001_LaunchingPageTest"/>
  <testcase name="validateTradeNowButtonTest" time="0.042" classname="com.sk.testScripts.TC_001_LaunchingPageTest"/>
  <testcase name="validateOpenAnAccountButtonTest" time="0.04" classname="com.sk.testScripts.TC_001_LaunchingPageTest"/>
  <testcase name="validateNeedHelpButtonTest" time="0.045" classname="com.sk.testScripts.TC_001_LaunchingPageTest"/>
  <testcase name="validateTigersGalleryButtonTest" time="0.051" classname="com.sk.testScripts.TC_001_LaunchingPageTest"/>
</testsuite> <!-- Default test -->
