<?xml version="1.0" encoding="UTF-8"?>
<!-- Generated by org.testng.reporters.JUnitXMLReporter -->
<testsuite hostname="hp-PC" ignored="0" name="ShareKhan App Test cases" tests="2" failures="0" timestamp="04 Sep 2018 09:51:45 GMT" time="49.701" errors="0">
  <testcase name="launchingPageTitleTest" time="0.021" classname="com.sk.testScripts.TC_001_LaunchingPageTest"/>
  <testcase name="launchingPageTitleTest" time="0.007" classname="com.sk.testScripts.TC_002_HomePageTest"/>
</testsuite> <!-- ShareKhan App Test cases -->
