<?xml version="1.0" encoding="UTF-8"?>
<!-- Generated by org.testng.reporters.JUnitXMLReporter -->
<testsuite hostname="hp-PC" ignored="0" name="ShareKhan App Test cases- TC_002" tests="11" failures="0" timestamp="04 Sep 2018 09:53:58 GMT" time="32.099" errors="0">
  <testcase name="launchingPageTitleTest" time="0.008" classname="com.sk.testScripts.TC_002_HomePageTest"/>
  <testcase name="verifyShareKhanLogoTest" time="0.058" classname="com.sk.testScripts.TC_002_HomePageTest"/>
  <testcase name="verifyMenuLinks_AllTest" time="0.052" classname="com.sk.testScripts.TC_002_HomePageTest"/>
  <testcase name="verifyRadioButtons_AllTest" time="0.048" classname="com.sk.testScripts.TC_002_HomePageTest"/>
  <testcase name="verifySearchTextBoxTest" time="0.045" classname="com.sk.testScripts.TC_002_HomePageTest"/>
  <testcase name="verifyGoButtonTest" time="0.045" classname="com.sk.testScripts.TC_002_HomePageTest"/>
  <testcase name="verifyLeftSideMenu_AllTest" time="0.046" classname="com.sk.testScripts.TC_002_HomePageTest"/>
  <testcase name="verifySelectDropDownTest" time="0.053" classname="com.sk.testScripts.TC_002_HomePageTest"/>
  <testcase name="verifyMobileNumTextBoxTest" time="0.083" classname="com.sk.testScripts.TC_002_HomePageTest"/>
  <testcase name="verifySubmitButtonTest" time="0.04" classname="com.sk.testScripts.TC_002_HomePageTest"/>
  <testcase name="verifyStockBoardTest" time="0.043" classname="com.sk.testScripts.TC_002_HomePageTest"/>
</testsuite> <!-- ShareKhan App Test cases- TC_002 -->
