<?xml version="1.0" encoding="UTF-8"?>
<!-- Generated by org.testng.reporters.JUnitXMLReporter -->
<testsuite hostname="hp-PC" ignored="0" name="ShareKhan App Test cases- TC_001" tests="6" failures="0" timestamp="04 Sep 2018 09:53:26 GMT" time="12.439" errors="0">
  <testcase name="launchingPageTitleTest" time="0.017" classname="com.sk.testScripts.TC_001_LaunchingPageTest"/>
  <testcase name="validateVisitHomePageButtonTest" time="0.07" classname="com.sk.testScripts.TC_001_LaunchingPageTest"/>
  <testcase name="validateTradeNowButtonTest" time="0.048" classname="com.sk.testScripts.TC_001_LaunchingPageTest"/>
  <testcase name="validateOpenAnAccountButtonTest" time="0.057" classname="com.sk.testScripts.TC_001_LaunchingPageTest"/>
  <testcase name="validateNeedHelpButtonTest" time="0.048" classname="com.sk.testScripts.TC_001_LaunchingPageTest"/>
  <testcase name="validateTigersGalleryButtonTest" time="0.087" classname="com.sk.testScripts.TC_001_LaunchingPageTest"/>
</testsuite> <!-- ShareKhan App Test cases- TC_001 -->
